<?xml version="1.0" encoding="UTF-8"?>
<!-- Generated by org.testng.reporters.JUnitReportReporter -->
<testsuite hostname="Personal_PC" failures="0" tests="1" name="com.extentreportscreenshot.FreeCRMExtentreportTest" time="14.164" errors="0" timestamp="14 Jul 2018 06:46:50 GMT" skipped="0">
  <testcase classname="com.extentreportscreenshot.FreeCRMExtentreportTest" name="verifyCRMTitleTest" time="14.164"/>
</testsuite> <!-- com.extentreportscreenshot.FreeCRMExtentreportTest -->
